#-----------------------------------------------------------
# Vivado v2019.2 (64-bit)
# SW Build 2708876 on Wed Nov  6 21:40:23 MST 2019
# IP Build 2700528 on Thu Nov  7 00:09:20 MST 2019
# Start of session at: Sun Dec 29 01:28:02 2019
# Process ID: 11480
# Current directory: C:/Users/ugur/Desktop/project_normalAutomata
# Command line: vivado.exe -gui_launcher_event rodinguilauncherevent4708 C:\Users\ugur\Desktop\project_normalAutomata\project.xpr
# Log file: C:/Users/ugur/Desktop/project_normalAutomata/vivado.log
# Journal file: C:/Users/ugur/Desktop/project_normalAutomata\vivado.jou
#-----------------------------------------------------------
start_gui
open_project C:/Users/ugur/Desktop/project_normalAutomata/project.xpr
INFO: [Project 1-313] Project file moved from 'C:/Users/ugur/Desktop/project' since last save.
Scanning sources...
Finished scanning sources
INFO: [IP_Flow 19-234] Refreshing IP repositories
INFO: [IP_Flow 19-1704] No user IP repositories specified
INFO: [IP_Flow 19-2313] Loaded Vivado IP repository 'C:/Xilinx/Vivado/2019.2/data/ip'.
open_project: Time (s): cpu = 00:00:21 ; elapsed = 00:00:09 . Memory (MB): peak = 766.219 ; gain = 130.504
update_compile_order -fileset sources_1
exit
INFO: [Common 17-206] Exiting Vivado at Sun Dec 29 01:29:41 2019...
