#-----------------------------------------------------------
# Vivado v2019.2 (64-bit)
# SW Build 2708876 on Wed Nov  6 21:40:23 MST 2019
# IP Build 2700528 on Thu Nov  7 00:09:20 MST 2019
# Start of session at: Fri Dec 27 21:09:26 2019
# Process ID: 296
# Current directory: C:/Users/ugur/Desktop/project
# Command line: vivado.exe -gui_launcher_event rodinguilauncherevent11648 C:\Users\ugur\Desktop\project\project.xpr
# Log file: C:/Users/ugur/Desktop/project/vivado.log
# Journal file: C:/Users/ugur/Desktop/project\vivado.jou
#-----------------------------------------------------------
start_gui
open_project C:/Users/ugur/Desktop/project/project.xpr
Scanning sources...
Finished scanning sources
INFO: [IP_Flow 19-234] Refreshing IP repositories
INFO: [IP_Flow 19-1704] No user IP repositories specified
INFO: [IP_Flow 19-2313] Loaded Vivado IP repository 'C:/Xilinx/Vivado/2019.2/data/ip'.
open_project: Time (s): cpu = 00:00:19 ; elapsed = 00:00:09 . Memory (MB): peak = 757.098 ; gain = 115.512
update_compile_order -fileset sources_1
exit
INFO: [Common 17-206] Exiting Vivado at Fri Dec 27 21:42:57 2019...
