#-----------------------------------------------------------
# Vivado v2019.2 (64-bit)
# SW Build 2708876 on Wed Nov  6 21:40:23 MST 2019
# IP Build 2700528 on Thu Nov  7 00:09:20 MST 2019
# Start of session at: Fri Dec 27 16:45:44 2019
# Process ID: 1140
# Current directory: C:/Users/ugur/Desktop/project
# Command line: vivado.exe -gui_launcher_event rodinguilauncherevent16228 C:\Users\ugur\Desktop\project\project.xpr
# Log file: C:/Users/ugur/Desktop/project/vivado.log
# Journal file: C:/Users/ugur/Desktop/project\vivado.jou
#-----------------------------------------------------------
start_gui
open_project C:/Users/ugur/Desktop/project/project.xpr
Scanning sources...
Finished scanning sources
INFO: [IP_Flow 19-234] Refreshing IP repositories
INFO: [IP_Flow 19-1704] No user IP repositories specified
INFO: [IP_Flow 19-2313] Loaded Vivado IP repository 'C:/Xilinx/Vivado/2019.2/data/ip'.
open_project: Time (s): cpu = 00:00:20 ; elapsed = 00:00:10 . Memory (MB): peak = 763.672 ; gain = 152.418
update_compile_order -fileset sources_1
exit
INFO: [Common 17-206] Exiting Vivado at Fri Dec 27 18:35:15 2019...
