#-----------------------------------------------------------
# Vivado v2019.2 (64-bit)
# SW Build 2708876 on Wed Nov  6 21:40:23 MST 2019
# IP Build 2700528 on Thu Nov  7 00:09:20 MST 2019
# Start of session at: Sat Dec 28 13:12:08 2019
# Process ID: 5336
# Current directory: C:/Users/ugur/Desktop/project
# Command line: vivado.exe -gui_launcher_event rodinguilauncherevent15444 C:\Users\ugur\Desktop\project\project.xpr
# Log file: C:/Users/ugur/Desktop/project/vivado.log
# Journal file: C:/Users/ugur/Desktop/project\vivado.jou
#-----------------------------------------------------------
start_gui
open_project C:/Users/ugur/Desktop/project/project.xpr
Scanning sources...
Finished scanning sources
INFO: [IP_Flow 19-234] Refreshing IP repositories
INFO: [IP_Flow 19-1704] No user IP repositories specified
INFO: [IP_Flow 19-2313] Loaded Vivado IP repository 'C:/Xilinx/Vivado/2019.2/data/ip'.
open_project: Time (s): cpu = 00:00:20 ; elapsed = 00:00:10 . Memory (MB): peak = 754.438 ; gain = 148.633
update_compile_order -fileset sources_1
reset_run synth_1
launch_runs impl_1 -to_step write_bitstream -jobs 4
[Sat Dec 28 13:22:41 2019] Launched synth_1...
Run output will be captured here: C:/Users/ugur/Desktop/project/project.runs/synth_1/runme.log
[Sat Dec 28 13:22:41 2019] Launched impl_1...
Run output will be captured here: C:/Users/ugur/Desktop/project/project.runs/impl_1/runme.log
reset_run synth_1
launch_runs impl_1 -to_step write_bitstream -jobs 4
[Sat Dec 28 13:26:16 2019] Launched synth_1...
Run output will be captured here: C:/Users/ugur/Desktop/project/project.runs/synth_1/runme.log
[Sat Dec 28 13:26:16 2019] Launched impl_1...
Run output will be captured here: C:/Users/ugur/Desktop/project/project.runs/impl_1/runme.log
reset_run synth_1
launch_runs impl_1 -to_step write_bitstream -jobs 4
[Sat Dec 28 13:28:42 2019] Launched synth_1...
Run output will be captured here: C:/Users/ugur/Desktop/project/project.runs/synth_1/runme.log
[Sat Dec 28 13:28:42 2019] Launched impl_1...
Run output will be captured here: C:/Users/ugur/Desktop/project/project.runs/impl_1/runme.log
open_hw_manager
connect_hw_server -allow_non_jtag
INFO: [Labtools 27-2285] Connecting to hw_server url TCP:localhost:3121
INFO: [Labtools 27-2222] Launching hw_server...
INFO: [Labtools 27-2221] Launch Output:

****** Xilinx hw_server v2019.2
  **** Build date : Nov  6 2019 at 22:12:23
    ** Copyright 1986-2019 Xilinx, Inc. All Rights Reserved.


INFO: [Labtools 27-3415] Connecting to cs_server url TCP:localhost:3042
INFO: [Labtools 27-3417] Launching cs_server...
INFO: [Labtools 27-2221] Launch Output:


****** Xilinx cs_server v2019.2.0
  **** Build date : Nov 07 2019-08:28:22
    ** Copyright 2017-2019 Xilinx, Inc. All Rights Reserved.



connect_hw_server: Time (s): cpu = 00:00:01 ; elapsed = 00:00:11 . Memory (MB): peak = 857.898 ; gain = 18.137
open_hw_target
INFO: [Labtoolstcl 44-466] Opening hw_target localhost:3121/xilinx_tcf/Digilent/210183A27B65A
open_hw_target: Time (s): cpu = 00:00:07 ; elapsed = 00:00:07 . Memory (MB): peak = 2096.168 ; gain = 1238.270
set_property PROGRAM.FILE {C:/Users/ugur/Desktop/project/project.runs/impl_1/FSM.bit} [get_hw_devices xc7a35t_0]
current_hw_device [get_hw_devices xc7a35t_0]
refresh_hw_device -update_hw_probes false [lindex [get_hw_devices xc7a35t_0] 0]
INFO: [Labtools 27-1434] Device xc7a35t (JTAG device index = 0) is programmed with a design that has no supported debug core(s) in it.
create_hw_cfgmem -hw_device [get_hw_devices xc7a35t_0] -mem_dev [lindex [get_cfgmem_parts {s25fl032p-spi-x1_x2_x4}] 0]
set_property PROBES.FILE {} [get_hw_devices xc7a35t_0]
set_property FULL_PROBES.FILE {} [get_hw_devices xc7a35t_0]
set_property PROGRAM.FILE {C:/Users/ugur/Desktop/project/project.runs/impl_1/FSM.bit} [get_hw_devices xc7a35t_0]
program_hw_devices [get_hw_devices xc7a35t_0]
INFO: [Labtools 27-3164] End of startup status: HIGH
refresh_hw_device [lindex [get_hw_devices xc7a35t_0] 0]
INFO: [Labtools 27-1434] Device xc7a35t (JTAG device index = 0) is programmed with a design that has no supported debug core(s) in it.
reset_run synth_1
launch_runs impl_1 -to_step write_bitstream -jobs 4
[Sat Dec 28 13:38:54 2019] Launched synth_1...
Run output will be captured here: C:/Users/ugur/Desktop/project/project.runs/synth_1/runme.log
[Sat Dec 28 13:38:54 2019] Launched impl_1...
Run output will be captured here: C:/Users/ugur/Desktop/project/project.runs/impl_1/runme.log
set_property PROBES.FILE {} [get_hw_devices xc7a35t_0]
set_property FULL_PROBES.FILE {} [get_hw_devices xc7a35t_0]
set_property PROGRAM.FILE {C:/Users/ugur/Desktop/project/project.runs/impl_1/FSM.bit} [get_hw_devices xc7a35t_0]
program_hw_devices [get_hw_devices xc7a35t_0]
INFO: [Labtools 27-3164] End of startup status: HIGH
refresh_hw_device [lindex [get_hw_devices xc7a35t_0] 0]
INFO: [Labtools 27-1434] Device xc7a35t (JTAG device index = 0) is programmed with a design that has no supported debug core(s) in it.
reset_run synth_1
launch_runs impl_1 -to_step write_bitstream -jobs 4
[Sat Dec 28 13:48:22 2019] Launched synth_1...
Run output will be captured here: C:/Users/ugur/Desktop/project/project.runs/synth_1/runme.log
[Sat Dec 28 13:48:23 2019] Launched impl_1...
Run output will be captured here: C:/Users/ugur/Desktop/project/project.runs/impl_1/runme.log
set_property PROBES.FILE {} [get_hw_devices xc7a35t_0]
set_property FULL_PROBES.FILE {} [get_hw_devices xc7a35t_0]
set_property PROGRAM.FILE {C:/Users/ugur/Desktop/project/project.runs/impl_1/FSM.bit} [get_hw_devices xc7a35t_0]
program_hw_devices [get_hw_devices xc7a35t_0]
INFO: [Labtools 27-3164] End of startup status: HIGH
refresh_hw_device [lindex [get_hw_devices xc7a35t_0] 0]
INFO: [Labtools 27-1434] Device xc7a35t (JTAG device index = 0) is programmed with a design that has no supported debug core(s) in it.
reset_run synth_1
launch_runs impl_1 -to_step write_bitstream -jobs 4
[Sat Dec 28 13:55:01 2019] Launched synth_1...
Run output will be captured here: C:/Users/ugur/Desktop/project/project.runs/synth_1/runme.log
[Sat Dec 28 13:55:01 2019] Launched impl_1...
Run output will be captured here: C:/Users/ugur/Desktop/project/project.runs/impl_1/runme.log
set_property PROBES.FILE {} [get_hw_devices xc7a35t_0]
set_property FULL_PROBES.FILE {} [get_hw_devices xc7a35t_0]
set_property PROGRAM.FILE {C:/Users/ugur/Desktop/project/project.runs/impl_1/FSM.bit} [get_hw_devices xc7a35t_0]
program_hw_devices [get_hw_devices xc7a35t_0]
INFO: [Labtools 27-3164] End of startup status: HIGH
refresh_hw_device [lindex [get_hw_devices xc7a35t_0] 0]
INFO: [Labtools 27-1434] Device xc7a35t (JTAG device index = 0) is programmed with a design that has no supported debug core(s) in it.
reset_run synth_1
launch_runs impl_1 -to_step write_bitstream -jobs 4
[Sat Dec 28 14:00:21 2019] Launched synth_1...
Run output will be captured here: C:/Users/ugur/Desktop/project/project.runs/synth_1/runme.log
[Sat Dec 28 14:00:21 2019] Launched impl_1...
Run output will be captured here: C:/Users/ugur/Desktop/project/project.runs/impl_1/runme.log
set_property PROBES.FILE {} [get_hw_devices xc7a35t_0]
set_property FULL_PROBES.FILE {} [get_hw_devices xc7a35t_0]
set_property PROGRAM.FILE {C:/Users/ugur/Desktop/project/project.runs/impl_1/FSM.bit} [get_hw_devices xc7a35t_0]
program_hw_devices [get_hw_devices xc7a35t_0]
INFO: [Labtools 27-3164] End of startup status: HIGH
refresh_hw_device [lindex [get_hw_devices xc7a35t_0] 0]
INFO: [Labtools 27-1434] Device xc7a35t (JTAG device index = 0) is programmed with a design that has no supported debug core(s) in it.
reset_run synth_1
launch_runs impl_1 -to_step write_bitstream -jobs 4
[Sat Dec 28 14:13:03 2019] Launched synth_1...
Run output will be captured here: C:/Users/ugur/Desktop/project/project.runs/synth_1/runme.log
[Sat Dec 28 14:13:04 2019] Launched impl_1...
Run output will be captured here: C:/Users/ugur/Desktop/project/project.runs/impl_1/runme.log
reset_run impl_1
launch_runs impl_1 -to_step write_bitstream -jobs 4
[Sat Dec 28 14:14:31 2019] Launched impl_1...
Run output will be captured here: C:/Users/ugur/Desktop/project/project.runs/impl_1/runme.log
set_property PROBES.FILE {} [get_hw_devices xc7a35t_0]
set_property FULL_PROBES.FILE {} [get_hw_devices xc7a35t_0]
set_property PROGRAM.FILE {C:/Users/ugur/Desktop/project/project.runs/impl_1/FSM.bit} [get_hw_devices xc7a35t_0]
program_hw_devices [get_hw_devices xc7a35t_0]
INFO: [Labtools 27-3164] End of startup status: HIGH
refresh_hw_device [lindex [get_hw_devices xc7a35t_0] 0]
INFO: [Labtools 27-1434] Device xc7a35t (JTAG device index = 0) is programmed with a design that has no supported debug core(s) in it.
set_property PROBES.FILE {} [get_hw_devices xc7a35t_0]
set_property FULL_PROBES.FILE {} [get_hw_devices xc7a35t_0]
set_property PROGRAM.FILE {C:/Users/ugur/Desktop/project/project.runs/impl_1/FSM.bit} [get_hw_devices xc7a35t_0]
program_hw_devices [get_hw_devices xc7a35t_0]
INFO: [Labtools 27-3164] End of startup status: HIGH
refresh_hw_device [lindex [get_hw_devices xc7a35t_0] 0]
INFO: [Labtools 27-1434] Device xc7a35t (JTAG device index = 0) is programmed with a design that has no supported debug core(s) in it.
reset_run synth_1
launch_runs impl_1 -to_step write_bitstream -jobs 4
[Sat Dec 28 14:32:09 2019] Launched synth_1...
Run output will be captured here: C:/Users/ugur/Desktop/project/project.runs/synth_1/runme.log
[Sat Dec 28 14:32:09 2019] Launched impl_1...
Run output will be captured here: C:/Users/ugur/Desktop/project/project.runs/impl_1/runme.log
set_property PROBES.FILE {} [get_hw_devices xc7a35t_0]
set_property FULL_PROBES.FILE {} [get_hw_devices xc7a35t_0]
set_property PROGRAM.FILE {C:/Users/ugur/Desktop/project/project.runs/impl_1/FSM.bit} [get_hw_devices xc7a35t_0]
program_hw_devices [get_hw_devices xc7a35t_0]
INFO: [Labtools 27-3164] End of startup status: HIGH
refresh_hw_device [lindex [get_hw_devices xc7a35t_0] 0]
INFO: [Labtools 27-1434] Device xc7a35t (JTAG device index = 0) is programmed with a design that has no supported debug core(s) in it.
set_property PROBES.FILE {} [get_hw_devices xc7a35t_0]
set_property FULL_PROBES.FILE {} [get_hw_devices xc7a35t_0]
set_property PROGRAM.FILE {C:/Users/ugur/Desktop/project/project.runs/impl_1/FSM.bit} [get_hw_devices xc7a35t_0]
program_hw_devices [get_hw_devices xc7a35t_0]
INFO: [Labtools 27-3164] End of startup status: HIGH
refresh_hw_device [lindex [get_hw_devices xc7a35t_0] 0]
INFO: [Labtools 27-1434] Device xc7a35t (JTAG device index = 0) is programmed with a design that has no supported debug core(s) in it.
reset_run synth_1
launch_runs impl_1 -to_step write_bitstream -jobs 4
[Sat Dec 28 14:36:11 2019] Launched synth_1...
Run output will be captured here: C:/Users/ugur/Desktop/project/project.runs/synth_1/runme.log
[Sat Dec 28 14:36:11 2019] Launched impl_1...
Run output will be captured here: C:/Users/ugur/Desktop/project/project.runs/impl_1/runme.log
reset_run synth_1
launch_runs impl_1 -to_step write_bitstream -jobs 4
[Sat Dec 28 14:36:27 2019] Launched synth_1...
Run output will be captured here: C:/Users/ugur/Desktop/project/project.runs/synth_1/runme.log
[Sat Dec 28 14:36:28 2019] Launched impl_1...
Run output will be captured here: C:/Users/ugur/Desktop/project/project.runs/impl_1/runme.log
set_property PROBES.FILE {} [get_hw_devices xc7a35t_0]
set_property FULL_PROBES.FILE {} [get_hw_devices xc7a35t_0]
set_property PROGRAM.FILE {C:/Users/ugur/Desktop/project/project.runs/impl_1/FSM.bit} [get_hw_devices xc7a35t_0]
program_hw_devices [get_hw_devices xc7a35t_0]
INFO: [Labtools 27-3164] End of startup status: HIGH
refresh_hw_device [lindex [get_hw_devices xc7a35t_0] 0]
INFO: [Labtools 27-1434] Device xc7a35t (JTAG device index = 0) is programmed with a design that has no supported debug core(s) in it.
reset_run synth_1
launch_runs impl_1 -to_step write_bitstream -jobs 4
[Sat Dec 28 14:43:22 2019] Launched synth_1...
Run output will be captured here: C:/Users/ugur/Desktop/project/project.runs/synth_1/runme.log
[Sat Dec 28 14:43:22 2019] Launched impl_1...
Run output will be captured here: C:/Users/ugur/Desktop/project/project.runs/impl_1/runme.log
set_property PROBES.FILE {} [get_hw_devices xc7a35t_0]
set_property FULL_PROBES.FILE {} [get_hw_devices xc7a35t_0]
set_property PROGRAM.FILE {C:/Users/ugur/Desktop/project/project.runs/impl_1/FSM.bit} [get_hw_devices xc7a35t_0]
program_hw_devices [get_hw_devices xc7a35t_0]
INFO: [Labtools 27-3164] End of startup status: HIGH
refresh_hw_device [lindex [get_hw_devices xc7a35t_0] 0]
INFO: [Labtools 27-1434] Device xc7a35t (JTAG device index = 0) is programmed with a design that has no supported debug core(s) in it.
close_hw_manager
reset_run synth_1
launch_runs impl_1 -to_step write_bitstream -jobs 4
[Sat Dec 28 15:40:37 2019] Launched synth_1...
Run output will be captured here: C:/Users/ugur/Desktop/project/project.runs/synth_1/runme.log
[Sat Dec 28 15:40:37 2019] Launched impl_1...
Run output will be captured here: C:/Users/ugur/Desktop/project/project.runs/impl_1/runme.log
open_hw_manager
connect_hw_server -allow_non_jtag
INFO: [Labtools 27-2285] Connecting to hw_server url TCP:localhost:3121
INFO: [Labtools 27-2222] Launching hw_server...
INFO: [Labtools 27-2221] Launch Output:

****** Xilinx hw_server v2019.2
  **** Build date : Nov  6 2019 at 22:12:23
    ** Copyright 1986-2019 Xilinx, Inc. All Rights Reserved.


INFO: [Labtools 27-3415] Connecting to cs_server url TCP:localhost:3042
INFO: [Labtools 27-3417] Launching cs_server...
INFO: [Labtools 27-2221] Launch Output:


****** Xilinx cs_server v2019.2.0
  **** Build date : Nov 07 2019-08:28:22
    ** Copyright 2017-2019 Xilinx, Inc. All Rights Reserved.



connect_hw_server: Time (s): cpu = 00:00:00 ; elapsed = 00:00:11 . Memory (MB): peak = 2167.973 ; gain = 0.000
open_hw_target
INFO: [Labtoolstcl 44-466] Opening hw_target localhost:3121/xilinx_tcf/Digilent/210183A27B65A
set_property PROGRAM.FILE {C:/Users/ugur/Desktop/project/project.runs/impl_1/FSM.bit} [get_hw_devices xc7a35t_0]
current_hw_device [get_hw_devices xc7a35t_0]
refresh_hw_device -update_hw_probes false [lindex [get_hw_devices xc7a35t_0] 0]
INFO: [Labtools 27-1434] Device xc7a35t (JTAG device index = 0) is programmed with a design that has no supported debug core(s) in it.
create_hw_cfgmem -hw_device [get_hw_devices xc7a35t_0] -mem_dev [lindex [get_cfgmem_parts {s25fl032p-spi-x1_x2_x4}] 0]
set_property PROBES.FILE {} [get_hw_devices xc7a35t_0]
set_property FULL_PROBES.FILE {} [get_hw_devices xc7a35t_0]
set_property PROGRAM.FILE {C:/Users/ugur/Desktop/project/project.runs/impl_1/FSM.bit} [get_hw_devices xc7a35t_0]
program_hw_devices [get_hw_devices xc7a35t_0]
INFO: [Labtools 27-3164] End of startup status: HIGH
refresh_hw_device [lindex [get_hw_devices xc7a35t_0] 0]
INFO: [Labtools 27-1434] Device xc7a35t (JTAG device index = 0) is programmed with a design that has no supported debug core(s) in it.
reset_run synth_1
launch_runs impl_1 -to_step write_bitstream -jobs 4
[Sat Dec 28 15:49:36 2019] Launched synth_1...
Run output will be captured here: C:/Users/ugur/Desktop/project/project.runs/synth_1/runme.log
[Sat Dec 28 15:49:36 2019] Launched impl_1...
Run output will be captured here: C:/Users/ugur/Desktop/project/project.runs/impl_1/runme.log
set_property PROBES.FILE {} [get_hw_devices xc7a35t_0]
set_property FULL_PROBES.FILE {} [get_hw_devices xc7a35t_0]
set_property PROGRAM.FILE {C:/Users/ugur/Desktop/project/project.runs/impl_1/FSM.bit} [get_hw_devices xc7a35t_0]
program_hw_devices [get_hw_devices xc7a35t_0]
INFO: [Labtools 27-3164] End of startup status: HIGH
refresh_hw_device [lindex [get_hw_devices xc7a35t_0] 0]
INFO: [Labtools 27-1434] Device xc7a35t (JTAG device index = 0) is programmed with a design that has no supported debug core(s) in it.
reset_run synth_1
launch_runs impl_1 -to_step write_bitstream -jobs 4
[Sat Dec 28 16:00:07 2019] Launched synth_1...
Run output will be captured here: C:/Users/ugur/Desktop/project/project.runs/synth_1/runme.log
[Sat Dec 28 16:00:07 2019] Launched impl_1...
Run output will be captured here: C:/Users/ugur/Desktop/project/project.runs/impl_1/runme.log
set_property PROBES.FILE {} [get_hw_devices xc7a35t_0]
set_property FULL_PROBES.FILE {} [get_hw_devices xc7a35t_0]
set_property PROGRAM.FILE {C:/Users/ugur/Desktop/project/project.runs/impl_1/FSM.bit} [get_hw_devices xc7a35t_0]
program_hw_devices [get_hw_devices xc7a35t_0]
INFO: [Labtools 27-3164] End of startup status: HIGH
refresh_hw_device [lindex [get_hw_devices xc7a35t_0] 0]
INFO: [Labtools 27-1434] Device xc7a35t (JTAG device index = 0) is programmed with a design that has no supported debug core(s) in it.
reset_run synth_1
launch_runs impl_1 -to_step write_bitstream -jobs 4
[Sat Dec 28 16:05:14 2019] Launched synth_1...
Run output will be captured here: C:/Users/ugur/Desktop/project/project.runs/synth_1/runme.log
[Sat Dec 28 16:05:14 2019] Launched impl_1...
Run output will be captured here: C:/Users/ugur/Desktop/project/project.runs/impl_1/runme.log
set_property PROBES.FILE {} [get_hw_devices xc7a35t_0]
set_property FULL_PROBES.FILE {} [get_hw_devices xc7a35t_0]
set_property PROGRAM.FILE {C:/Users/ugur/Desktop/project/project.runs/impl_1/FSM.bit} [get_hw_devices xc7a35t_0]
program_hw_devices [get_hw_devices xc7a35t_0]
INFO: [Labtools 27-3164] End of startup status: HIGH
refresh_hw_device [lindex [get_hw_devices xc7a35t_0] 0]
INFO: [Labtools 27-1434] Device xc7a35t (JTAG device index = 0) is programmed with a design that has no supported debug core(s) in it.
reset_run synth_1
launch_runs impl_1 -to_step write_bitstream -jobs 4
[Sat Dec 28 16:09:48 2019] Launched synth_1...
Run output will be captured here: C:/Users/ugur/Desktop/project/project.runs/synth_1/runme.log
[Sat Dec 28 16:09:48 2019] Launched impl_1...
Run output will be captured here: C:/Users/ugur/Desktop/project/project.runs/impl_1/runme.log
reset_run synth_1
launch_runs impl_1 -to_step write_bitstream -jobs 4
[Sat Dec 28 16:10:06 2019] Launched synth_1...
Run output will be captured here: C:/Users/ugur/Desktop/project/project.runs/synth_1/runme.log
[Sat Dec 28 16:10:06 2019] Launched impl_1...
Run output will be captured here: C:/Users/ugur/Desktop/project/project.runs/impl_1/runme.log
set_property PROBES.FILE {} [get_hw_devices xc7a35t_0]
set_property FULL_PROBES.FILE {} [get_hw_devices xc7a35t_0]
set_property PROGRAM.FILE {C:/Users/ugur/Desktop/project/project.runs/impl_1/FSM.bit} [get_hw_devices xc7a35t_0]
program_hw_devices [get_hw_devices xc7a35t_0]
INFO: [Labtools 27-3164] End of startup status: HIGH
refresh_hw_device [lindex [get_hw_devices xc7a35t_0] 0]
INFO: [Labtools 27-1434] Device xc7a35t (JTAG device index = 0) is programmed with a design that has no supported debug core(s) in it.
reset_run synth_1
launch_runs impl_1 -to_step write_bitstream -jobs 4
[Sat Dec 28 16:15:19 2019] Launched synth_1...
Run output will be captured here: C:/Users/ugur/Desktop/project/project.runs/synth_1/runme.log
[Sat Dec 28 16:15:19 2019] Launched impl_1...
Run output will be captured here: C:/Users/ugur/Desktop/project/project.runs/impl_1/runme.log
set_property PROBES.FILE {} [get_hw_devices xc7a35t_0]
set_property FULL_PROBES.FILE {} [get_hw_devices xc7a35t_0]
set_property PROGRAM.FILE {C:/Users/ugur/Desktop/project/project.runs/impl_1/FSM.bit} [get_hw_devices xc7a35t_0]
program_hw_devices [get_hw_devices xc7a35t_0]
INFO: [Labtools 27-3164] End of startup status: HIGH
refresh_hw_device [lindex [get_hw_devices xc7a35t_0] 0]
INFO: [Labtools 27-1434] Device xc7a35t (JTAG device index = 0) is programmed with a design that has no supported debug core(s) in it.
reset_run synth_1
launch_runs impl_1 -to_step write_bitstream -jobs 4
[Sat Dec 28 16:53:13 2019] Launched synth_1...
Run output will be captured here: C:/Users/ugur/Desktop/project/project.runs/synth_1/runme.log
[Sat Dec 28 16:53:13 2019] Launched impl_1...
Run output will be captured here: C:/Users/ugur/Desktop/project/project.runs/impl_1/runme.log
set_property PROBES.FILE {} [get_hw_devices xc7a35t_0]
set_property FULL_PROBES.FILE {} [get_hw_devices xc7a35t_0]
set_property PROGRAM.FILE {C:/Users/ugur/Desktop/project/project.runs/impl_1/FSM.bit} [get_hw_devices xc7a35t_0]
program_hw_devices [get_hw_devices xc7a35t_0]
INFO: [Labtools 27-3164] End of startup status: HIGH
refresh_hw_device [lindex [get_hw_devices xc7a35t_0] 0]
INFO: [Labtools 27-1434] Device xc7a35t (JTAG device index = 0) is programmed with a design that has no supported debug core(s) in it.
reset_run synth_1
launch_runs impl_1 -to_step write_bitstream -jobs 4
[Sat Dec 28 17:00:24 2019] Launched synth_1...
Run output will be captured here: C:/Users/ugur/Desktop/project/project.runs/synth_1/runme.log
[Sat Dec 28 17:00:24 2019] Launched impl_1...
Run output will be captured here: C:/Users/ugur/Desktop/project/project.runs/impl_1/runme.log
set_property PROBES.FILE {} [get_hw_devices xc7a35t_0]
set_property FULL_PROBES.FILE {} [get_hw_devices xc7a35t_0]
set_property PROGRAM.FILE {C:/Users/ugur/Desktop/project/project.runs/impl_1/FSM.bit} [get_hw_devices xc7a35t_0]
program_hw_devices [get_hw_devices xc7a35t_0]
INFO: [Labtools 27-3164] End of startup status: HIGH
refresh_hw_device [lindex [get_hw_devices xc7a35t_0] 0]
INFO: [Labtools 27-1434] Device xc7a35t (JTAG device index = 0) is programmed with a design that has no supported debug core(s) in it.
reset_run synth_1
launch_runs impl_1 -to_step write_bitstream -jobs 4
[Sat Dec 28 17:08:52 2019] Launched synth_1...
Run output will be captured here: C:/Users/ugur/Desktop/project/project.runs/synth_1/runme.log
[Sat Dec 28 17:08:52 2019] Launched impl_1...
Run output will be captured here: C:/Users/ugur/Desktop/project/project.runs/impl_1/runme.log
set_property PROBES.FILE {} [get_hw_devices xc7a35t_0]
set_property FULL_PROBES.FILE {} [get_hw_devices xc7a35t_0]
set_property PROGRAM.FILE {C:/Users/ugur/Desktop/project/project.runs/impl_1/FSM.bit} [get_hw_devices xc7a35t_0]
program_hw_devices [get_hw_devices xc7a35t_0]
INFO: [Labtools 27-3164] End of startup status: HIGH
refresh_hw_device [lindex [get_hw_devices xc7a35t_0] 0]
INFO: [Labtools 27-1434] Device xc7a35t (JTAG device index = 0) is programmed with a design that has no supported debug core(s) in it.
reset_run synth_1
launch_runs impl_1 -to_step write_bitstream -jobs 4
[Sat Dec 28 17:25:26 2019] Launched synth_1...
Run output will be captured here: C:/Users/ugur/Desktop/project/project.runs/synth_1/runme.log
[Sat Dec 28 17:25:26 2019] Launched impl_1...
Run output will be captured here: C:/Users/ugur/Desktop/project/project.runs/impl_1/runme.log
reset_run impl_1
reset_run synth_1
launch_runs impl_1 -to_step write_bitstream -jobs 4
[Sat Dec 28 17:28:57 2019] Launched synth_1...
Run output will be captured here: C:/Users/ugur/Desktop/project/project.runs/synth_1/runme.log
[Sat Dec 28 17:28:57 2019] Launched impl_1...
Run output will be captured here: C:/Users/ugur/Desktop/project/project.runs/impl_1/runme.log
set_property PROBES.FILE {} [get_hw_devices xc7a35t_0]
set_property FULL_PROBES.FILE {} [get_hw_devices xc7a35t_0]
set_property PROGRAM.FILE {C:/Users/ugur/Desktop/project/project.runs/impl_1/FSM.bit} [get_hw_devices xc7a35t_0]
program_hw_devices [get_hw_devices xc7a35t_0]
INFO: [Labtools 27-3164] End of startup status: HIGH
refresh_hw_device [lindex [get_hw_devices xc7a35t_0] 0]
INFO: [Labtools 27-1434] Device xc7a35t (JTAG device index = 0) is programmed with a design that has no supported debug core(s) in it.
reset_run synth_1
launch_runs impl_1 -to_step write_bitstream -jobs 4
[Sat Dec 28 18:15:00 2019] Launched synth_1...
Run output will be captured here: C:/Users/ugur/Desktop/project/project.runs/synth_1/runme.log
[Sat Dec 28 18:15:00 2019] Launched impl_1...
Run output will be captured here: C:/Users/ugur/Desktop/project/project.runs/impl_1/runme.log
set_property PROBES.FILE {} [get_hw_devices xc7a35t_0]
set_property FULL_PROBES.FILE {} [get_hw_devices xc7a35t_0]
set_property PROGRAM.FILE {C:/Users/ugur/Desktop/project/project.runs/impl_1/FSM.bit} [get_hw_devices xc7a35t_0]
program_hw_devices [get_hw_devices xc7a35t_0]
INFO: [Labtools 27-3164] End of startup status: HIGH
refresh_hw_device [lindex [get_hw_devices xc7a35t_0] 0]
INFO: [Labtools 27-1434] Device xc7a35t (JTAG device index = 0) is programmed with a design that has no supported debug core(s) in it.
reset_run synth_1
launch_runs impl_1 -to_step write_bitstream -jobs 4
[Sat Dec 28 18:28:50 2019] Launched synth_1...
Run output will be captured here: C:/Users/ugur/Desktop/project/project.runs/synth_1/runme.log
[Sat Dec 28 18:28:50 2019] Launched impl_1...
Run output will be captured here: C:/Users/ugur/Desktop/project/project.runs/impl_1/runme.log
set_property PROBES.FILE {} [get_hw_devices xc7a35t_0]
set_property FULL_PROBES.FILE {} [get_hw_devices xc7a35t_0]
set_property PROGRAM.FILE {C:/Users/ugur/Desktop/project/project.runs/impl_1/FSM.bit} [get_hw_devices xc7a35t_0]
program_hw_devices [get_hw_devices xc7a35t_0]
INFO: [Labtools 27-3164] End of startup status: HIGH
refresh_hw_device [lindex [get_hw_devices xc7a35t_0] 0]
INFO: [Labtools 27-1434] Device xc7a35t (JTAG device index = 0) is programmed with a design that has no supported debug core(s) in it.
reset_run synth_1
launch_runs impl_1 -to_step write_bitstream -jobs 4
[Sat Dec 28 18:33:17 2019] Launched synth_1...
Run output will be captured here: C:/Users/ugur/Desktop/project/project.runs/synth_1/runme.log
[Sat Dec 28 18:33:17 2019] Launched impl_1...
Run output will be captured here: C:/Users/ugur/Desktop/project/project.runs/impl_1/runme.log
reset_run synth_1
launch_runs impl_1 -to_step write_bitstream -jobs 4
[Sat Dec 28 20:03:37 2019] Launched synth_1...
Run output will be captured here: C:/Users/ugur/Desktop/project/project.runs/synth_1/runme.log
[Sat Dec 28 20:03:37 2019] Launched impl_1...
Run output will be captured here: C:/Users/ugur/Desktop/project/project.runs/impl_1/runme.log
set_property PROBES.FILE {} [get_hw_devices xc7a35t_0]
set_property FULL_PROBES.FILE {} [get_hw_devices xc7a35t_0]
set_property PROGRAM.FILE {C:/Users/ugur/Desktop/project/project.runs/impl_1/FSM.bit} [get_hw_devices xc7a35t_0]
program_hw_devices [get_hw_devices xc7a35t_0]
INFO: [Labtools 27-3164] End of startup status: HIGH
refresh_hw_device [lindex [get_hw_devices xc7a35t_0] 0]
INFO: [Labtools 27-1434] Device xc7a35t (JTAG device index = 0) is programmed with a design that has no supported debug core(s) in it.
reset_run synth_1
launch_runs impl_1 -to_step write_bitstream -jobs 4
[Sat Dec 28 20:12:28 2019] Launched synth_1...
Run output will be captured here: C:/Users/ugur/Desktop/project/project.runs/synth_1/runme.log
[Sat Dec 28 20:12:28 2019] Launched impl_1...
Run output will be captured here: C:/Users/ugur/Desktop/project/project.runs/impl_1/runme.log
set_property PROBES.FILE {} [get_hw_devices xc7a35t_0]
set_property FULL_PROBES.FILE {} [get_hw_devices xc7a35t_0]
set_property PROGRAM.FILE {C:/Users/ugur/Desktop/project/project.runs/impl_1/FSM.bit} [get_hw_devices xc7a35t_0]
program_hw_devices [get_hw_devices xc7a35t_0]
INFO: [Labtools 27-3164] End of startup status: HIGH
refresh_hw_device [lindex [get_hw_devices xc7a35t_0] 0]
INFO: [Labtools 27-1434] Device xc7a35t (JTAG device index = 0) is programmed with a design that has no supported debug core(s) in it.
reset_run synth_1
launch_runs impl_1 -to_step write_bitstream -jobs 4
[Sat Dec 28 20:19:18 2019] Launched synth_1...
Run output will be captured here: C:/Users/ugur/Desktop/project/project.runs/synth_1/runme.log
[Sat Dec 28 20:19:18 2019] Launched impl_1...
Run output will be captured here: C:/Users/ugur/Desktop/project/project.runs/impl_1/runme.log
set_property PROBES.FILE {} [get_hw_devices xc7a35t_0]
set_property FULL_PROBES.FILE {} [get_hw_devices xc7a35t_0]
set_property PROGRAM.FILE {C:/Users/ugur/Desktop/project/project.runs/impl_1/FSM.bit} [get_hw_devices xc7a35t_0]
program_hw_devices [get_hw_devices xc7a35t_0]
INFO: [Labtools 27-3164] End of startup status: HIGH
refresh_hw_device [lindex [get_hw_devices xc7a35t_0] 0]
INFO: [Labtools 27-1434] Device xc7a35t (JTAG device index = 0) is programmed with a design that has no supported debug core(s) in it.
reset_run synth_1
launch_runs impl_1 -to_step write_bitstream -jobs 4
[Sat Dec 28 20:23:15 2019] Launched synth_1...
Run output will be captured here: C:/Users/ugur/Desktop/project/project.runs/synth_1/runme.log
[Sat Dec 28 20:23:15 2019] Launched impl_1...
Run output will be captured here: C:/Users/ugur/Desktop/project/project.runs/impl_1/runme.log
set_property PROBES.FILE {} [get_hw_devices xc7a35t_0]
set_property FULL_PROBES.FILE {} [get_hw_devices xc7a35t_0]
set_property PROGRAM.FILE {C:/Users/ugur/Desktop/project/project.runs/impl_1/FSM.bit} [get_hw_devices xc7a35t_0]
program_hw_devices [get_hw_devices xc7a35t_0]
INFO: [Labtools 27-3164] End of startup status: HIGH
refresh_hw_device [lindex [get_hw_devices xc7a35t_0] 0]
INFO: [Labtools 27-1434] Device xc7a35t (JTAG device index = 0) is programmed with a design that has no supported debug core(s) in it.
reset_run synth_1
launch_runs impl_1 -to_step write_bitstream -jobs 4
[Sat Dec 28 20:30:49 2019] Launched synth_1...
Run output will be captured here: C:/Users/ugur/Desktop/project/project.runs/synth_1/runme.log
[Sat Dec 28 20:30:49 2019] Launched impl_1...
Run output will be captured here: C:/Users/ugur/Desktop/project/project.runs/impl_1/runme.log
set_property PROBES.FILE {} [get_hw_devices xc7a35t_0]
set_property FULL_PROBES.FILE {} [get_hw_devices xc7a35t_0]
set_property PROGRAM.FILE {C:/Users/ugur/Desktop/project/project.runs/impl_1/FSM.bit} [get_hw_devices xc7a35t_0]
program_hw_devices [get_hw_devices xc7a35t_0]
INFO: [Labtools 27-3164] End of startup status: HIGH
refresh_hw_device [lindex [get_hw_devices xc7a35t_0] 0]
INFO: [Labtools 27-1434] Device xc7a35t (JTAG device index = 0) is programmed with a design that has no supported debug core(s) in it.
set_property PROBES.FILE {} [get_hw_devices xc7a35t_0]
set_property FULL_PROBES.FILE {} [get_hw_devices xc7a35t_0]
set_property PROGRAM.FILE {C:/Users/ugur/Desktop/project/project.runs/impl_1/FSM.bit} [get_hw_devices xc7a35t_0]
program_hw_devices [get_hw_devices xc7a35t_0]
INFO: [Labtools 27-3164] End of startup status: HIGH
refresh_hw_device [lindex [get_hw_devices xc7a35t_0] 0]
INFO: [Labtools 27-1434] Device xc7a35t (JTAG device index = 0) is programmed with a design that has no supported debug core(s) in it.
close_hw_manager
reset_run synth_1
launch_runs impl_1 -to_step write_bitstream -jobs 4
[Sat Dec 28 20:48:41 2019] Launched synth_1...
Run output will be captured here: C:/Users/ugur/Desktop/project/project.runs/synth_1/runme.log
[Sat Dec 28 20:48:41 2019] Launched impl_1...
Run output will be captured here: C:/Users/ugur/Desktop/project/project.runs/impl_1/runme.log
open_hw_manager
connect_hw_server -allow_non_jtag
INFO: [Labtools 27-2285] Connecting to hw_server url TCP:localhost:3121
INFO: [Labtools 27-2222] Launching hw_server...
INFO: [Labtools 27-2221] Launch Output:

****** Xilinx hw_server v2019.2
  **** Build date : Nov  6 2019 at 22:12:23
    ** Copyright 1986-2019 Xilinx, Inc. All Rights Reserved.


INFO: [Labtools 27-3415] Connecting to cs_server url TCP:localhost:3042
INFO: [Labtools 27-3417] Launching cs_server...
INFO: [Labtools 27-2221] Launch Output:


****** Xilinx cs_server v2019.2.0
  **** Build date : Nov 07 2019-08:28:22
    ** Copyright 2017-2019 Xilinx, Inc. All Rights Reserved.



connect_hw_server: Time (s): cpu = 00:00:00 ; elapsed = 00:00:11 . Memory (MB): peak = 2196.902 ; gain = 0.000
open_hw_target
INFO: [Labtoolstcl 44-466] Opening hw_target localhost:3121/xilinx_tcf/Digilent/210183A27B65A
set_property PROGRAM.FILE {C:/Users/ugur/Desktop/project/project.runs/impl_1/FSM.bit} [get_hw_devices xc7a35t_0]
current_hw_device [get_hw_devices xc7a35t_0]
refresh_hw_device -update_hw_probes false [lindex [get_hw_devices xc7a35t_0] 0]
INFO: [Labtools 27-1434] Device xc7a35t (JTAG device index = 0) is programmed with a design that has no supported debug core(s) in it.
create_hw_cfgmem -hw_device [get_hw_devices xc7a35t_0] -mem_dev [lindex [get_cfgmem_parts {s25fl032p-spi-x1_x2_x4}] 0]
set_property PROBES.FILE {} [get_hw_devices xc7a35t_0]
set_property FULL_PROBES.FILE {} [get_hw_devices xc7a35t_0]
set_property PROGRAM.FILE {C:/Users/ugur/Desktop/project/project.runs/impl_1/FSM.bit} [get_hw_devices xc7a35t_0]
program_hw_devices [get_hw_devices xc7a35t_0]
INFO: [Labtools 27-3164] End of startup status: HIGH
refresh_hw_device [lindex [get_hw_devices xc7a35t_0] 0]
INFO: [Labtools 27-1434] Device xc7a35t (JTAG device index = 0) is programmed with a design that has no supported debug core(s) in it.
reset_run synth_1
launch_runs impl_1 -to_step write_bitstream -jobs 4
[Sat Dec 28 20:55:12 2019] Launched synth_1...
Run output will be captured here: C:/Users/ugur/Desktop/project/project.runs/synth_1/runme.log
[Sat Dec 28 20:55:12 2019] Launched impl_1...
Run output will be captured here: C:/Users/ugur/Desktop/project/project.runs/impl_1/runme.log
set_property PROBES.FILE {} [get_hw_devices xc7a35t_0]
set_property FULL_PROBES.FILE {} [get_hw_devices xc7a35t_0]
set_property PROGRAM.FILE {C:/Users/ugur/Desktop/project/project.runs/impl_1/FSM.bit} [get_hw_devices xc7a35t_0]
program_hw_devices [get_hw_devices xc7a35t_0]
INFO: [Labtools 27-3164] End of startup status: HIGH
refresh_hw_device [lindex [get_hw_devices xc7a35t_0] 0]
INFO: [Labtools 27-1434] Device xc7a35t (JTAG device index = 0) is programmed with a design that has no supported debug core(s) in it.
reset_run synth_1
launch_runs impl_1 -to_step write_bitstream -jobs 4
[Sat Dec 28 21:00:38 2019] Launched synth_1...
Run output will be captured here: C:/Users/ugur/Desktop/project/project.runs/synth_1/runme.log
[Sat Dec 28 21:00:38 2019] Launched impl_1...
Run output will be captured here: C:/Users/ugur/Desktop/project/project.runs/impl_1/runme.log
set_property PROBES.FILE {} [get_hw_devices xc7a35t_0]
set_property FULL_PROBES.FILE {} [get_hw_devices xc7a35t_0]
set_property PROGRAM.FILE {C:/Users/ugur/Desktop/project/project.runs/impl_1/FSM.bit} [get_hw_devices xc7a35t_0]
program_hw_devices [get_hw_devices xc7a35t_0]
INFO: [Labtools 27-3164] End of startup status: HIGH
refresh_hw_device [lindex [get_hw_devices xc7a35t_0] 0]
INFO: [Labtools 27-1434] Device xc7a35t (JTAG device index = 0) is programmed with a design that has no supported debug core(s) in it.
reset_run synth_1
launch_runs impl_1 -to_step write_bitstream -jobs 4
[Sat Dec 28 21:12:13 2019] Launched synth_1...
Run output will be captured here: C:/Users/ugur/Desktop/project/project.runs/synth_1/runme.log
[Sat Dec 28 21:12:13 2019] Launched impl_1...
Run output will be captured here: C:/Users/ugur/Desktop/project/project.runs/impl_1/runme.log
reset_run synth_1
launch_runs impl_1 -to_step write_bitstream -jobs 4
[Sat Dec 28 21:17:21 2019] Launched synth_1...
Run output will be captured here: C:/Users/ugur/Desktop/project/project.runs/synth_1/runme.log
[Sat Dec 28 21:17:21 2019] Launched impl_1...
Run output will be captured here: C:/Users/ugur/Desktop/project/project.runs/impl_1/runme.log
set_property PROBES.FILE {} [get_hw_devices xc7a35t_0]
set_property FULL_PROBES.FILE {} [get_hw_devices xc7a35t_0]
set_property PROGRAM.FILE {C:/Users/ugur/Desktop/project/project.runs/impl_1/FSM.bit} [get_hw_devices xc7a35t_0]
program_hw_devices [get_hw_devices xc7a35t_0]
INFO: [Labtools 27-3164] End of startup status: HIGH
refresh_hw_device [lindex [get_hw_devices xc7a35t_0] 0]
INFO: [Labtools 27-1434] Device xc7a35t (JTAG device index = 0) is programmed with a design that has no supported debug core(s) in it.
reset_run synth_1
launch_runs impl_1 -to_step write_bitstream -jobs 4
[Sat Dec 28 21:24:07 2019] Launched synth_1...
Run output will be captured here: C:/Users/ugur/Desktop/project/project.runs/synth_1/runme.log
[Sat Dec 28 21:24:07 2019] Launched impl_1...
Run output will be captured here: C:/Users/ugur/Desktop/project/project.runs/impl_1/runme.log
set_property PROBES.FILE {} [get_hw_devices xc7a35t_0]
set_property FULL_PROBES.FILE {} [get_hw_devices xc7a35t_0]
set_property PROGRAM.FILE {C:/Users/ugur/Desktop/project/project.runs/impl_1/FSM.bit} [get_hw_devices xc7a35t_0]
program_hw_devices [get_hw_devices xc7a35t_0]
INFO: [Labtools 27-3164] End of startup status: HIGH
refresh_hw_device [lindex [get_hw_devices xc7a35t_0] 0]
INFO: [Labtools 27-1434] Device xc7a35t (JTAG device index = 0) is programmed with a design that has no supported debug core(s) in it.
reset_run synth_1
launch_runs impl_1 -to_step write_bitstream -jobs 4
[Sat Dec 28 21:30:24 2019] Launched synth_1...
Run output will be captured here: C:/Users/ugur/Desktop/project/project.runs/synth_1/runme.log
[Sat Dec 28 21:30:24 2019] Launched impl_1...
Run output will be captured here: C:/Users/ugur/Desktop/project/project.runs/impl_1/runme.log
reset_run synth_1
launch_runs impl_1 -to_step write_bitstream -jobs 4
[Sat Dec 28 21:30:55 2019] Launched synth_1...
Run output will be captured here: C:/Users/ugur/Desktop/project/project.runs/synth_1/runme.log
[Sat Dec 28 21:30:55 2019] Launched impl_1...
Run output will be captured here: C:/Users/ugur/Desktop/project/project.runs/impl_1/runme.log
set_property PROBES.FILE {} [get_hw_devices xc7a35t_0]
set_property FULL_PROBES.FILE {} [get_hw_devices xc7a35t_0]
set_property PROGRAM.FILE {C:/Users/ugur/Desktop/project/project.runs/impl_1/FSM.bit} [get_hw_devices xc7a35t_0]
program_hw_devices [get_hw_devices xc7a35t_0]
INFO: [Labtools 27-3164] End of startup status: HIGH
refresh_hw_device [lindex [get_hw_devices xc7a35t_0] 0]
INFO: [Labtools 27-1434] Device xc7a35t (JTAG device index = 0) is programmed with a design that has no supported debug core(s) in it.
set_property PROBES.FILE {} [get_hw_devices xc7a35t_0]
set_property FULL_PROBES.FILE {} [get_hw_devices xc7a35t_0]
set_property PROGRAM.FILE {C:/Users/ugur/Desktop/project/project.runs/impl_1/FSM.bit} [get_hw_devices xc7a35t_0]
program_hw_devices [get_hw_devices xc7a35t_0]
INFO: [Labtools 27-3164] End of startup status: HIGH
refresh_hw_device [lindex [get_hw_devices xc7a35t_0] 0]
INFO: [Labtools 27-1434] Device xc7a35t (JTAG device index = 0) is programmed with a design that has no supported debug core(s) in it.
set_property PROBES.FILE {} [get_hw_devices xc7a35t_0]
set_property FULL_PROBES.FILE {} [get_hw_devices xc7a35t_0]
set_property PROGRAM.FILE {C:/Users/ugur/Desktop/project/project.runs/impl_1/FSM.bit} [get_hw_devices xc7a35t_0]
program_hw_devices [get_hw_devices xc7a35t_0]
INFO: [Labtools 27-3164] End of startup status: HIGH
refresh_hw_device [lindex [get_hw_devices xc7a35t_0] 0]
INFO: [Labtools 27-1434] Device xc7a35t (JTAG device index = 0) is programmed with a design that has no supported debug core(s) in it.
set_property PROBES.FILE {} [get_hw_devices xc7a35t_0]
set_property FULL_PROBES.FILE {} [get_hw_devices xc7a35t_0]
set_property PROGRAM.FILE {C:/Users/ugur/Desktop/project/project.runs/impl_1/FSM.bit} [get_hw_devices xc7a35t_0]
program_hw_devices [get_hw_devices xc7a35t_0]
INFO: [Labtools 27-3164] End of startup status: HIGH
refresh_hw_device [lindex [get_hw_devices xc7a35t_0] 0]
INFO: [Labtools 27-1434] Device xc7a35t (JTAG device index = 0) is programmed with a design that has no supported debug core(s) in it.
reset_run synth_1
launch_runs impl_1 -to_step write_bitstream -jobs 4
[Sat Dec 28 21:36:40 2019] Launched synth_1...
Run output will be captured here: C:/Users/ugur/Desktop/project/project.runs/synth_1/runme.log
[Sat Dec 28 21:36:40 2019] Launched impl_1...
Run output will be captured here: C:/Users/ugur/Desktop/project/project.runs/impl_1/runme.log
set_property PROBES.FILE {} [get_hw_devices xc7a35t_0]
set_property FULL_PROBES.FILE {} [get_hw_devices xc7a35t_0]
set_property PROGRAM.FILE {C:/Users/ugur/Desktop/project/project.runs/impl_1/FSM.bit} [get_hw_devices xc7a35t_0]
program_hw_devices [get_hw_devices xc7a35t_0]
INFO: [Labtools 27-3164] End of startup status: HIGH
refresh_hw_device [lindex [get_hw_devices xc7a35t_0] 0]
INFO: [Labtools 27-1434] Device xc7a35t (JTAG device index = 0) is programmed with a design that has no supported debug core(s) in it.
reset_run synth_1
launch_runs impl_1 -to_step write_bitstream -jobs 4
[Sat Dec 28 21:41:31 2019] Launched synth_1...
Run output will be captured here: C:/Users/ugur/Desktop/project/project.runs/synth_1/runme.log
[Sat Dec 28 21:41:31 2019] Launched impl_1...
Run output will be captured here: C:/Users/ugur/Desktop/project/project.runs/impl_1/runme.log
set_property PROBES.FILE {} [get_hw_devices xc7a35t_0]
set_property FULL_PROBES.FILE {} [get_hw_devices xc7a35t_0]
set_property PROGRAM.FILE {C:/Users/ugur/Desktop/project/project.runs/impl_1/FSM.bit} [get_hw_devices xc7a35t_0]
program_hw_devices [get_hw_devices xc7a35t_0]
INFO: [Labtools 27-3164] End of startup status: HIGH
refresh_hw_device [lindex [get_hw_devices xc7a35t_0] 0]
INFO: [Labtools 27-1434] Device xc7a35t (JTAG device index = 0) is programmed with a design that has no supported debug core(s) in it.
set_property PROBES.FILE {} [get_hw_devices xc7a35t_0]
set_property FULL_PROBES.FILE {} [get_hw_devices xc7a35t_0]
set_property PROGRAM.FILE {C:/Users/ugur/Desktop/project/project.runs/impl_1/FSM.bit} [get_hw_devices xc7a35t_0]
program_hw_devices [get_hw_devices xc7a35t_0]
INFO: [Labtools 27-3164] End of startup status: HIGH
refresh_hw_device [lindex [get_hw_devices xc7a35t_0] 0]
INFO: [Labtools 27-1434] Device xc7a35t (JTAG device index = 0) is programmed with a design that has no supported debug core(s) in it.
reset_run synth_1
launch_runs impl_1 -to_step write_bitstream -jobs 4
[Sat Dec 28 21:45:15 2019] Launched synth_1...
Run output will be captured here: C:/Users/ugur/Desktop/project/project.runs/synth_1/runme.log
[Sat Dec 28 21:45:15 2019] Launched impl_1...
Run output will be captured here: C:/Users/ugur/Desktop/project/project.runs/impl_1/runme.log
set_property PROBES.FILE {} [get_hw_devices xc7a35t_0]
set_property FULL_PROBES.FILE {} [get_hw_devices xc7a35t_0]
set_property PROGRAM.FILE {C:/Users/ugur/Desktop/project/project.runs/impl_1/FSM.bit} [get_hw_devices xc7a35t_0]
program_hw_devices [get_hw_devices xc7a35t_0]
INFO: [Labtools 27-3164] End of startup status: HIGH
refresh_hw_device [lindex [get_hw_devices xc7a35t_0] 0]
INFO: [Labtools 27-1434] Device xc7a35t (JTAG device index = 0) is programmed with a design that has no supported debug core(s) in it.
update_compile_order -fileset sources_1
update_compile_order -fileset sources_1
update_compile_order -fileset sources_1
update_compile_order -fileset sources_1
reset_run synth_1
launch_runs impl_1 -to_step write_bitstream -jobs 4
[Sat Dec 28 22:08:16 2019] Launched synth_1...
Run output will be captured here: C:/Users/ugur/Desktop/project/project.runs/synth_1/runme.log
[Sat Dec 28 22:08:16 2019] Launched impl_1...
Run output will be captured here: C:/Users/ugur/Desktop/project/project.runs/impl_1/runme.log
set_property PROBES.FILE {} [get_hw_devices xc7a35t_0]
set_property FULL_PROBES.FILE {} [get_hw_devices xc7a35t_0]
set_property PROGRAM.FILE {C:/Users/ugur/Desktop/project/project.runs/impl_1/FSM.bit} [get_hw_devices xc7a35t_0]
program_hw_devices [get_hw_devices xc7a35t_0]
INFO: [Labtools 27-3164] End of startup status: HIGH
refresh_hw_device [lindex [get_hw_devices xc7a35t_0] 0]
INFO: [Labtools 27-1434] Device xc7a35t (JTAG device index = 0) is programmed with a design that has no supported debug core(s) in it.
reset_run synth_1
launch_runs impl_1 -to_step write_bitstream -jobs 4
[Sat Dec 28 22:13:27 2019] Launched synth_1...
Run output will be captured here: C:/Users/ugur/Desktop/project/project.runs/synth_1/runme.log
[Sat Dec 28 22:13:27 2019] Launched impl_1...
Run output will be captured here: C:/Users/ugur/Desktop/project/project.runs/impl_1/runme.log
reset_run impl_1
reset_run synth_1
launch_runs impl_1 -to_step write_bitstream -jobs 4
[Sat Dec 28 22:16:03 2019] Launched synth_1...
Run output will be captured here: C:/Users/ugur/Desktop/project/project.runs/synth_1/runme.log
[Sat Dec 28 22:16:03 2019] Launched impl_1...
Run output will be captured here: C:/Users/ugur/Desktop/project/project.runs/impl_1/runme.log
set_property PROBES.FILE {} [get_hw_devices xc7a35t_0]
set_property FULL_PROBES.FILE {} [get_hw_devices xc7a35t_0]
set_property PROGRAM.FILE {C:/Users/ugur/Desktop/project/project.runs/impl_1/FSM.bit} [get_hw_devices xc7a35t_0]
program_hw_devices [get_hw_devices xc7a35t_0]
INFO: [Labtools 27-3164] End of startup status: HIGH
refresh_hw_device [lindex [get_hw_devices xc7a35t_0] 0]
INFO: [Labtools 27-1434] Device xc7a35t (JTAG device index = 0) is programmed with a design that has no supported debug core(s) in it.
reset_run synth_1
launch_runs impl_1 -to_step write_bitstream -jobs 4
[Sat Dec 28 22:20:45 2019] Launched synth_1...
Run output will be captured here: C:/Users/ugur/Desktop/project/project.runs/synth_1/runme.log
[Sat Dec 28 22:20:45 2019] Launched impl_1...
Run output will be captured here: C:/Users/ugur/Desktop/project/project.runs/impl_1/runme.log
reset_run impl_1
reset_run synth_1
launch_runs impl_1 -to_step write_bitstream -jobs 4
[Sat Dec 28 22:22:59 2019] Launched synth_1...
Run output will be captured here: C:/Users/ugur/Desktop/project/project.runs/synth_1/runme.log
[Sat Dec 28 22:22:59 2019] Launched impl_1...
Run output will be captured here: C:/Users/ugur/Desktop/project/project.runs/impl_1/runme.log
set_property PROBES.FILE {} [get_hw_devices xc7a35t_0]
set_property FULL_PROBES.FILE {} [get_hw_devices xc7a35t_0]
set_property PROGRAM.FILE {C:/Users/ugur/Desktop/project/project.runs/impl_1/FSM.bit} [get_hw_devices xc7a35t_0]
program_hw_devices [get_hw_devices xc7a35t_0]
INFO: [Labtools 27-3164] End of startup status: HIGH
refresh_hw_device [lindex [get_hw_devices xc7a35t_0] 0]
INFO: [Labtools 27-1434] Device xc7a35t (JTAG device index = 0) is programmed with a design that has no supported debug core(s) in it.
reset_run synth_1
launch_runs impl_1 -to_step write_bitstream -jobs 4
[Sat Dec 28 22:28:31 2019] Launched synth_1...
Run output will be captured here: C:/Users/ugur/Desktop/project/project.runs/synth_1/runme.log
[Sat Dec 28 22:28:31 2019] Launched impl_1...
Run output will be captured here: C:/Users/ugur/Desktop/project/project.runs/impl_1/runme.log
set_property PROBES.FILE {} [get_hw_devices xc7a35t_0]
set_property FULL_PROBES.FILE {} [get_hw_devices xc7a35t_0]
set_property PROGRAM.FILE {C:/Users/ugur/Desktop/project/project.runs/impl_1/FSM.bit} [get_hw_devices xc7a35t_0]
program_hw_devices [get_hw_devices xc7a35t_0]
INFO: [Labtools 27-3164] End of startup status: HIGH
refresh_hw_device [lindex [get_hw_devices xc7a35t_0] 0]
INFO: [Labtools 27-1434] Device xc7a35t (JTAG device index = 0) is programmed with a design that has no supported debug core(s) in it.
close_hw_manager
close [ open C:/Users/ugur/Desktop/project/project.srcs/sources_1/new/converter.sv w ]
add_files C:/Users/ugur/Desktop/project/project.srcs/sources_1/new/converter.sv
update_compile_order -fileset sources_1
update_compile_order -fileset sources_1
update_compile_order -fileset sources_1
update_compile_order -fileset sources_1
reset_run synth_1
launch_runs impl_1 -to_step write_bitstream -jobs 4
[Sat Dec 28 23:08:43 2019] Launched synth_1...
Run output will be captured here: C:/Users/ugur/Desktop/project/project.runs/synth_1/runme.log
[Sat Dec 28 23:08:44 2019] Launched impl_1...
Run output will be captured here: C:/Users/ugur/Desktop/project/project.runs/impl_1/runme.log
open_hw_manager
exit
INFO: [Common 17-206] Exiting Vivado at Sat Dec 28 23:48:48 2019...
