#-----------------------------------------------------------
# Vivado v2019.2 (64-bit)
# SW Build 2708876 on Wed Nov  6 21:40:23 MST 2019
# IP Build 2700528 on Thu Nov  7 00:09:20 MST 2019
# Start of session at: Sat Jan 30 00:26:21 2021
# Process ID: 10488
# Current directory: C:/Users/ugur/Desktop/FPGA Cellular Automaton/project
# Command line: vivado.exe -gui_launcher_event rodinguilauncherevent11820 C:\Users\ugur\Desktop\FPGA Cellular Automaton\project\project.xpr
# Log file: C:/Users/ugur/Desktop/FPGA Cellular Automaton/project/vivado.log
# Journal file: C:/Users/ugur/Desktop/FPGA Cellular Automaton/project\vivado.jou
#-----------------------------------------------------------
start_gui
open_project {C:/Users/ugur/Desktop/FPGA Cellular Automaton/project/project.xpr}
INFO: [Project 1-313] Project file moved from 'C:/Users/ugur/Desktop/project' since last save.
Scanning sources...
Finished scanning sources
INFO: [IP_Flow 19-234] Refreshing IP repositories
INFO: [IP_Flow 19-1704] No user IP repositories specified
INFO: [IP_Flow 19-2313] Loaded Vivado IP repository 'C:/Xilinx/Vivado/2019.2/data/ip'.
open_project: Time (s): cpu = 00:00:22 ; elapsed = 00:00:09 . Memory (MB): peak = 787.445 ; gain = 153.633
update_compile_order -fileset sources_1
exit
INFO: [Common 17-206] Exiting Vivado at Sat Jan 30 00:42:40 2021...
